<?xml version="1.0" encoding="UTF-8"?>
<testsuite name="demo.crm.service.RAGRetrievalServiceTest" tests="2" skipped="0" failures="0" errors="0" timestamp="2026-08-25T10:05:24.522Z" hostname="DESKTOP-7NM2FQJ" time="1.302">
  <properties/>
  <testcase name="blocksLowSimilarityQuestionWithoutCallingLlm()" classname="demo.crm.service.RAGRetrievalServiceTest" time="1.261"/>
  <testcase name="blankQuestionIsRejectedBeforeVectorSearch()" classname="demo.crm.service.RAGRetrievalServiceTest" time="0.009"/>
  <system-out><![CDATA[17:05:25.782 [Test worker] WARN demo.crm.service.RAGRetrievalService -- RAG blocked out-of-scope question: threshold=0.75, candidates=2
17:05:25.822 [Test worker] WARN demo.crm.service.RAGRetrievalService -- Rejected blank RAG question without calling the LLM
]]></system-out>
  <system-err><![CDATA[Mockito is currently self-attaching to enable the inline-mock-maker. This will no longer work in future releases of the JDK. Please add Mockito as an agent to your build as described in Mockito's documentation: https://javadoc.io/doc/org.mockito/mockito-core/latest/org.mockito/org/mockito/Mockito.html#0.3
WARNING: A Java agent has been loaded dynamically (C:\Users\admin\.gradle\caches\modules-2\files-2.1\net.bytebuddy\byte-buddy-agent\1.18.10\9426d28828bdcdf42666bb7a68c468279ea78f59\byte-buddy-agent-1.18.10.jar)
WARNING: If a serviceability tool is in use, please run with -XX:+EnableDynamicAgentLoading to hide this warning
WARNING: If a serviceability tool is not in use, please run with -Djdk.instrument.traceUsage for more information
WARNING: Dynamic loading of agents will be disallowed by default in a future release
]]></system-err>
</testsuite>
